<?xml version="1.0" encoding="UTF-8"?>
<!-- Generated by org.testng.reporters.JUnitReportReporter -->
<testsuite hostname="DESKTOP-SLSVCDM" failures="0" tests="3" name="org.TestNGEx2.CustomerManagerEx2" time="0.009" errors="0" timestamp="2022-06-13T16:59:47 IST" skipped="0">
  <testcase classname="org.TestNGEx2.CustomerManagerEx2" name="updateCustomer" time="0.002"/>
  <system-out/>
  <testcase classname="org.TestNGEx2.CustomerManagerEx2" name="addCustomer" time="0.004"/>
  <system-out/>
  <testcase classname="org.TestNGEx2.CustomerManagerEx2" name="deleteCustomer" time="0.003"/>
  <system-out/>
</testsuite> <!-- org.TestNGEx2.CustomerManagerEx2 -->
