<?xml version="1.0" encoding="UTF-8"?>
<!-- Generated by org.testng.reporters.JUnitReportReporter -->
<testsuite hostname="DESKTOP-SLSVCDM" failures="0" tests="2" name="org.TestNGEx1.AnnotationsEx1" time="0.028" errors="0" timestamp="2022-06-10T13:44:02 IST" skipped="0">
  <testcase classname="org.TestNGEx1.AnnotationsEx1" name="TestMethod1" time="0.016"/>
  <system-out/>
  <testcase classname="org.TestNGEx1.AnnotationsEx1" name="TestMethod2" time="0.012"/>
  <system-out/>
</testsuite> <!-- org.TestNGEx1.AnnotationsEx1 -->
