<?xml version="1.0" encoding="UTF-8"?>
<!-- Generated by org.testng.reporters.JUnitReportReporter -->
<testsuite hostname="DESKTOP-SLSVCDM" failures="0" tests="1" name="org.TestNGEx1.ActitimeLoginEx3" time="19.526" errors="0" timestamp="2022-06-10T14:34:48 IST" skipped="0">
  <testcase classname="org.TestNGEx1.ActitimeLoginEx3" name="dashboardVerification" time="19.526"/>
  <system-out/>
</testsuite> <!-- org.TestNGEx1.ActitimeLoginEx3 -->
