<?xml version="1.0" encoding="UTF-8"?>
<!-- Generated by org.testng.reporters.JUnitReportReporter -->
<testsuite hostname="DESKTOP-SLSVCDM" failures="0" tests="4" name="org.TestNGEx3.InnovacationCountEx" time="57.347" errors="0" timestamp="2022-06-13T17:24:03 IST" skipped="0">
  <testcase classname="org.TestNGEx3.InnovacationCountEx" name="Login" time="14.982"/>
  <system-out/>
  <testcase classname="org.TestNGEx3.InnovacationCountEx" name="Login" time="12.486"/>
  <system-out/>
  <testcase classname="org.TestNGEx3.InnovacationCountEx" name="Login" time="15.370"/>
  <system-out/>
  <testcase classname="org.TestNGEx3.InnovacationCountEx" name="Login" time="14.509"/>
  <system-out/>
</testsuite> <!-- org.TestNGEx3.InnovacationCountEx -->
