<?xml version="1.0" encoding="UTF-8"?>
<!-- Generated by org.testng.reporters.JUnitReportReporter -->
<testsuite hostname="DESKTOP-SLSVCDM" failures="0" tests="7" name="org.TestNGEx3.GroupingEx1" time="0.036" errors="0" timestamp="2022-06-19T15:53:34 IST" skipped="0">
  <testcase classname="org.TestNGEx3.GroupingEx1" name="umtest2" time="0.005"/>
  <system-out/>
  <testcase classname="org.TestNGEx3.GroupingEx1" name="umtest5" time="0.005"/>
  <system-out/>
  <testcase classname="org.TestNGEx3.GroupingEx1" name="umtest8" time="0.002"/>
  <system-out/>
  <testcase classname="org.TestNGEx3.GroupingEx1" name="umtest3" time="0.003"/>
  <system-out/>
  <testcase classname="org.TestNGEx3.GroupingEx1" name="umtest6" time="0.002"/>
  <system-out/>
  <testcase classname="org.TestNGEx3.GroupingEx1" name="umtest7" time="0.001"/>
  <system-out/>
  <testcase classname="org.TestNGEx3.GroupingEx1" name="umtest1" time="0.018"/>
  <system-out/>
</testsuite> <!-- org.TestNGEx3.GroupingEx1 -->
