<?xml version="1.0" encoding="UTF-8"?>
<!-- Generated by org.testng.reporters.JUnitReportReporter -->
<testsuite hostname="DESKTOP-SLSVCDM" failures="0" tests="5" name="org.TestNGEx1.PriorityEx1" time="0.027" errors="0" timestamp="2022-06-07T15:46:15 IST" skipped="0">
  <testcase classname="org.TestNGEx1.PriorityEx1" name="login" time="0.018"/>
  <system-out/>
  <testcase classname="org.TestNGEx1.PriorityEx1" name="CreateCustomer" time="0.003"/>
  <system-out/>
  <testcase classname="org.TestNGEx1.PriorityEx1" name="Updatecutomer" time="0.002"/>
  <system-out/>
  <testcase classname="org.TestNGEx1.PriorityEx1" name="DeleteCustomer" time="0.002"/>
  <system-out/>
  <testcase classname="org.TestNGEx1.PriorityEx1" name="logout" time="0.002"/>
  <system-out/>
</testsuite> <!-- org.TestNGEx1.PriorityEx1 -->
