<?xml version="1.0" encoding="UTF-8"?>
<!-- Generated by org.testng.reporters.JUnitReportReporter -->
<testsuite hostname="DESKTOP-SLSVCDM" failures="0" tests="8" name="org.TestNGEx1.Ex3" time="0.032" errors="0" timestamp="2022-06-07T15:41:01 IST" skipped="0">
  <testcase classname="org.TestNGEx1.Ex3" name="CreateCustomer" time="0.015"/>
  <system-out/>
  <testcase classname="org.TestNGEx1.Ex3" name="Updatecutomer" time="0.003"/>
  <system-out/>
  <testcase classname="org.TestNGEx1.Ex3" name="createCustomer" time="0.002"/>
  <system-out/>
  <testcase classname="org.TestNGEx1.Ex3" name="deleteCutomer" time="0.002"/>
  <system-out/>
  <testcase classname="org.TestNGEx1.Ex3" name="logout" time="0.002"/>
  <system-out/>
  <testcase classname="org.TestNGEx1.Ex3" name="updateCutomer" time="0.002"/>
  <system-out/>
  <testcase classname="org.TestNGEx1.Ex3" name="DeleteCustomer" time="0.002"/>
  <system-out/>
  <testcase classname="org.TestNGEx1.Ex3" name="login" time="0.004"/>
  <system-out/>
</testsuite> <!-- org.TestNGEx1.Ex3 -->
