<?xml version="1.0" encoding="UTF-8"?>
<!-- Generated by org.testng.reporters.JUnitReportReporter -->
<testsuite hostname="DESKTOP-SLSVCDM" failures="0" tests="1" name="org.TestNGEx3.ParallelMethod" time="12.351" errors="0" timestamp="2022-06-14T20:18:30 IST" skipped="0">
  <testcase classname="org.TestNGEx3.ParallelMethod" name="LoginCH" time="12.351"/>
  <system-out/>
</testsuite> <!-- org.TestNGEx3.ParallelMethod -->
