<?xml version="1.0" encoding="UTF-8"?>
<!-- Generated by org.testng.reporters.JUnitReportReporter -->
<testsuite hostname="DESKTOP-SLSVCDM" failures="0" tests="8" name="org.TestNGEx1.PriorityEx2" time="0.038" errors="0" timestamp="2022-06-07T15:53:14 IST" skipped="0">
  <testcase classname="org.TestNGEx1.PriorityEx2" name="CreateCustomer" time="0.016"/>
  <system-out/>
  <testcase classname="org.TestNGEx1.PriorityEx2" name="createCustomer" time="0.003"/>
  <system-out/>
  <testcase classname="org.TestNGEx1.PriorityEx2" name="DeleteCustomer" time="0.003"/>
  <system-out/>
  <testcase classname="org.TestNGEx1.PriorityEx2" name="deleteCutomer" time="0.002"/>
  <system-out/>
  <testcase classname="org.TestNGEx1.PriorityEx2" name="Updatecutomer" time="0.002"/>
  <system-out/>
  <testcase classname="org.TestNGEx1.PriorityEx2" name="login" time="0.004"/>
  <system-out/>
  <testcase classname="org.TestNGEx1.PriorityEx2" name="updateCutomer" time="0.002"/>
  <system-out/>
  <testcase classname="org.TestNGEx1.PriorityEx2" name="logout" time="0.006"/>
  <system-out/>
</testsuite> <!-- org.TestNGEx1.PriorityEx2 -->
