<?xml version="1.0" encoding="UTF-8"?>
<!-- Generated by org.testng.reporters.JUnitReportReporter -->
<testsuite hostname="DESKTOP-SLSVCDM" failures="0" tests="3" name="org.TestNGEx2.CustomerManagerEx1" time="0.019" errors="0" timestamp="2022-06-14T13:54:53 IST" skipped="0">
  <testcase classname="org.TestNGEx2.CustomerManagerEx1" name="updateCustomer" time="0.003"/>
  <system-out/>
  <testcase classname="org.TestNGEx2.CustomerManagerEx1" name="addCustomer" time="0.013"/>
  <system-out/>
  <testcase classname="org.TestNGEx2.CustomerManagerEx1" name="deleteCustomer" time="0.003"/>
  <system-out/>
</testsuite> <!-- org.TestNGEx2.CustomerManagerEx1 -->
