<?xml version="1.0" encoding="UTF-8"?>
<!-- Generated by org.testng.reporters.JUnitReportReporter -->
<testsuite hostname="DESKTOP-SLSVCDM" failures="0" tests="4" name="org.TestNGEx3.EnabledEx" time="0.023" errors="0" timestamp="2022-06-19T14:41:23 IST" skipped="2">
  <testcase classname="org.TestNGEx3.EnabledEx" name="testMethod3" time="0.002"/>
  <system-out/>
  <testcase classname="org.TestNGEx3.EnabledEx" name="testMethod1" time="0.021"/>
  <system-out/>
  <testcase classname="org.TestNGEx3.EnabledEx" name="testMethod2">
    <skipped/>
  </testcase> <!-- testMethod2 -->
  <system-out/>
  <testcase classname="org.TestNGEx3.EnabledEx" name="testMethod4">
    <skipped/>
  </testcase> <!-- testMethod4 -->
  <system-out/>
</testsuite> <!-- org.TestNGEx3.EnabledEx -->
