<?xml version="1.0" encoding="UTF-8"?>
<!-- Generated by org.testng.reporters.JUnitReportReporter -->
<testsuite hostname="DESKTOP-SLSVCDM" failures="0" tests="1" name="org.TestNGEx3.ParameterEx1" time="17.220" errors="0" timestamp="2022-06-19T14:31:45 IST" skipped="0">
  <testcase classname="org.TestNGEx3.ParameterEx1" name="Login" time="17.220"/>
  <system-out/>
</testsuite> <!-- org.TestNGEx3.ParameterEx1 -->
