<?xml version="1.0" encoding="UTF-8"?>
<!-- Generated by org.testng.reporters.JUnitReportReporter -->
<testsuite hostname="DESKTOP-SLSVCDM" failures="0" tests="3" name="org.TestNGEx2.AccountManagerEx1" time="0.022" errors="0" timestamp="2022-06-14T13:54:53 IST" skipped="0">
  <testcase classname="org.TestNGEx2.AccountManagerEx1" name="deleteAccount" time="0.002"/>
  <system-out/>
  <testcase classname="org.TestNGEx2.AccountManagerEx1" name="updateAccount" time="0.009"/>
  <system-out/>
  <testcase classname="org.TestNGEx2.AccountManagerEx1" name="addCustomer" time="0.011"/>
  <system-out/>
</testsuite> <!-- org.TestNGEx2.AccountManagerEx1 -->
