<?xml version="1.0" encoding="UTF-8"?>
<!-- Generated by org.testng.reporters.JUnitReportReporter -->
<testsuite hostname="DESKTOP-SLSVCDM" failures="0" tests="2" name="org.TestNGEx1.Ex1" time="0.030" errors="0" timestamp="2022-06-13T15:02:02 IST" skipped="0">
  <testcase classname="org.TestNGEx1.Ex1" name="testMethod2" time="0.010"/>
  <system-out/>
  <testcase classname="org.TestNGEx1.Ex1" name="testMethod1" time="0.020"/>
  <system-out/>
</testsuite> <!-- org.TestNGEx1.Ex1 -->
